This is e-pTeX, Version 3.14159265-p3.5-130605-2.6 (utf8.euc) (TeX Live 2014) (preloaded format=platex 2015.2.9)  10 FEB 2015 23:16
entering extended mode
 restricted \write18 enabled.
 %&-line parsing enabled.
**main.tex
(./main.tex
pLaTeX2e <2006/11/10> (based on LaTeX2e <2014/05/01> patch level 0)
Babel <3.9k> and hyphenation patterns for 78 languages loaded.
(/usr/local/texlive/2014/texmf-dist/tex/platex/base/jreport.cls
Document Class: jreport 2006/06/27 v1.6 Standard pLaTeX class
\c@@paper=\count81
(/usr/local/texlive/2014/texmf-dist/tex/platex/base/jsize12.clo
File: jsize12.clo 2006/06/27 v1.6 Standard pLaTeX file (size option)
)
\c@part=\count82
\c@chapter=\count83
\c@section=\count84
\c@subsection=\count85
\c@subsubsection=\count86
\c@paragraph=\count87
\c@subparagraph=\count88
\c@figure=\count89
\c@table=\count90
\abovecaptionskip=\skip41
\belowcaptionskip=\skip42
\symmincho=\mathgroup4
LaTeX Font Info:    Overwriting symbol font `mincho' in version `bold'
(Font)                  JY1/mc/m/n --> JY1/gt/m/n on input line 677.
\toclineskip=\dimen118
\@lnumwidth=\dimen119
\bibindent=\dimen120
\heisei=\count91
)
(/usr/local/texlive/2014/texmf-dist/tex/latex/graphics/graphicx.sty
Package: graphicx 2014/04/25 v1.0g Enhanced LaTeX Graphics (DPC,SPQR)

(/usr/local/texlive/2014/texmf-dist/tex/latex/graphics/keyval.sty
Package: keyval 2014/05/08 v1.15 key=value parser (DPC)
\KV@toks@=\toks15
)
(/usr/local/texlive/2014/texmf-dist/tex/latex/graphics/graphics.sty
Package: graphics 2009/02/05 v1.0o Standard LaTeX Graphics (DPC,SPQR)

(/usr/local/texlive/2014/texmf-dist/tex/latex/graphics/trig.sty
Package: trig 1999/03/16 v1.09 sin cos tan (DPC)
)
(/usr/local/texlive/2014/texmf-dist/tex/latex/latexconfig/graphics.cfg
File: graphics.cfg 2010/04/23 v1.9 graphics configuration of TeX Live
)
Package graphics Info: Driver file: dvipdfmx.def on input line 91.

(/usr/local/texlive/2014/texmf-dist/tex/latex/dvipdfmx-def/dvipdfmx.def
File: dvipdfmx.def 2014/04/28 v4.01 LaTeX color/graphics driver for dvipdfmx (T
eX Live/ChoF)
))
\Gin@req@height=\dimen121
\Gin@req@width=\dimen122
)
(./mythesis.sty)
(/usr/local/texlive/2014/texmf-dist/tex/latex/multirow/multirow.sty
\bigstrutjot=\dimen123
)
(/usr/local/texlive/2014/texmf-dist/tex/latex/here/here.sty)
(/usr/local/texlive/2014/texmf-dist/tex/latex/float/float.sty
Package: float 2001/11/08 v1.3d Float enhancements (AL)
\c@float@type=\count92
\float@exts=\toks16
\float@box=\box41
\@float@everytoks=\toks17
\@floatcapt=\box42
)
(/usr/local/texlive/2014/texmf-dist/tex/latex/url/url.sty
\Urlmuskip=\muskip10
Package: url 2013/09/16  ver 3.4  Verb mode for urls, etc.
)
(/usr/local/texlive/2014/texmf-dist/tex/latex/comment/comment.sty
\CommentStream=\write3

Excluding comment 'comment') (./main.aux

LaTeX Warning: Label `chap:poordirection' multiply defined.

)
\openout1 = `main.aux'.

LaTeX Font Info:    Checking defaults for OML/cmm/m/it on input line 26.
LaTeX Font Info:    ... okay on input line 26.
LaTeX Font Info:    Checking defaults for T1/cmr/m/n on input line 26.
LaTeX Font Info:    ... okay on input line 26.
LaTeX Font Info:    Checking defaults for OT1/cmr/m/n on input line 26.
LaTeX Font Info:    ... okay on input line 26.
LaTeX Font Info:    Checking defaults for OMS/cmsy/m/n on input line 26.
LaTeX Font Info:    ... okay on input line 26.
LaTeX Font Info:    Checking defaults for OMX/cmex/m/n on input line 26.
LaTeX Font Info:    ... okay on input line 26.
LaTeX Font Info:    Checking defaults for U/cmr/m/n on input line 26.
LaTeX Font Info:    ... okay on input line 26.
LaTeX Font Info:    Checking defaults for JY1/mc/m/n on input line 26.
LaTeX Font Info:    ... okay on input line 26.
LaTeX Font Info:    Checking defaults for JT1/mc/m/n on input line 26.
LaTeX Font Info:    ... okay on input line 26.
File: fig/ryukyu.pdf Graphic file (type pdf)
 <fig/ryukyu.pdf> [0

]
LaTeX Font Info:    Font shape `JT1/mc/bx/n' in size <24.88> not available
(Font)              Font shape `JT1/gt/m/n' tried instead on input line 35.
LaTeX Font Info:    Font shape `JY1/mc/bx/n' in size <24.88> not available
(Font)              Font shape `JY1/gt/m/n' tried instead on input line 35.
 (./main.toc
LaTeX Font Info:    Font shape `JT1/mc/bx/n' in size <12> not available
(Font)              Font shape `JT1/gt/m/n' tried instead on input line 1.
LaTeX Font Info:    Font shape `JY1/mc/bx/n' in size <12> not available
(Font)              Font shape `JY1/gt/m/n' tried instead on input line 1.
LaTeX Font Info:    External font `cmex10' loaded for size
(Font)              <12> on input line 2.
LaTeX Font Info:    External font `cmex10' loaded for size
(Font)              <8> on input line 2.
LaTeX Font Info:    External font `cmex10' loaded for size
(Font)              <6> on input line 2.
)
\tf@toc=\write4
\openout4 = `main.toc'.

 [1

] (./main.lof)
\tf@lof=\write5
\openout5 = `main.lof'.

 [2

] (./main.lot)
\tf@lot=\write6
\openout6 = `main.lot'.


(./chapter1.tex [3

]
第 1 章
LaTeX Font Info:    Font shape `JT1/mc/bx/n' in size <17.28> not available
(Font)              Font shape `JT1/gt/m/n' tried instead on input line 5.
LaTeX Font Info:    Font shape `JY1/mc/bx/n' in size <17.28> not available
(Font)              Font shape `JY1/gt/m/n' tried instead on input line 5.
) (./chapter2.tex [1

] [2]
第 2 章
File: fig/ad-hoc.pdf Graphic file (type pdf)
<fig/ad-hoc.pdf> [3

]
LaTeX Font Info:    Try loading font information for OMS+cmr on input line 30.

(/usr/local/texlive/2014/texmf-dist/tex/latex/base/omscmr.fd
File: omscmr.fd 1999/05/25 v2.5h Standard LaTeX font definitions
)
LaTeX Font Info:    Font shape `OMS/cmr/m/n' in size <12> not available
(Font)              Font shape `OMS/cmsy/m/n' tried instead on input line 30.
File: fig/AllJoyn.pdf Graphic file (type pdf)

<fig/AllJoyn.pdf>
LaTeX Font Info:    Font shape `JT1/mc/bx/n' in size <14.4> not available
(Font)              Font shape `JT1/gt/m/n' tried instead on input line 41.
LaTeX Font Info:    Font shape `JY1/mc/bx/n' in size <14.4> not available
(Font)              Font shape `JY1/gt/m/n' tried instead on input line 41.
 [4] Excluding 'comment' comment. [5]
Excluding 'comment' comment.) (./chapter3.tex [6]
第 3 章
) (./chapter4.tex [7

]
第 4 章
) (./future.tex [8

]
第 5 章
) (./bibliography.tex [9

]
Overfull \hbox (106.63371pt too wide) in paragraph at lines 20--22
[]$\OT1/cmtt/m/n/12 http : / / e-[]words . jp / w / E382A2E38389E3839BE38383E38
2AFE3838DE38383E38388E383AFE383BCE382AF .
 []

) (./thanks.tex [10

]) [11

] (./main.aux)

LaTeX Warning: There were multiply-defined labels.

 ) 
Here is how much of TeX's memory you used:
 926 strings out of 493807
 11660 string characters out of 6151952
 69964 words of memory out of 5000000
 4384 multiletter control sequences out of 15000+600000
 15882 words of font info for 62 fonts, out of 8000000 for 9000
 929 hyphenation exceptions out of 8191
 25i,4n,21p,248b,277s stack positions out of 5000i,500n,10000p,200000b,80000s

Output written on main.dvi (15 pages, 25336 bytes).
